<?xml version="1.0" encoding="UTF-8"?>
<!-- Generated by org.testng.reporters.JUnitReportReporter -->
<testsuite hostname="DESKTOP-JGP7MVT" failures="0" tests="1" name="TestCases.VerifySingupTestCase" time="30.756" errors="0" timestamp="2022-08-29T21:01:19 IST" skipped="0">
  <testcase classname="TestCases.VerifySingupTestCase" name="SignUp" time="30.756"/>
  <system-out/>
</testsuite> <!-- TestCases.VerifySingupTestCase -->
