<?xml version="1.0" encoding="UTF-8"?>
<!-- Generated by org.testng.reporters.JUnitReportReporter -->
<testsuite hostname="DESKTOP-JGP7MVT" failures="0" tests="1" name="TestCases.VerifyLoginTestCase" time="6.716" errors="0" timestamp="2022-09-04T10:37:18 IST" skipped="0">
  <testcase classname="TestCases.VerifyLoginTestCase" name="login" time="6.716"/>
  <system-out/>
</testsuite> <!-- TestCases.VerifyLoginTestCase -->
